TN:
SF:/Users/Moeys/Code/ngx-api-orm/core/src/resource.core.ts
FN:28,(anonymous_16)
FN:31,(anonymous_18)
FN:119,Resource
FN:46,(anonymous_20)
FN:54,(anonymous_21)
FN:65,(anonymous_22)
FN:67,(anonymous_23)
FN:79,(anonymous_24)
FN:80,(anonymous_25)
FN:88,(anonymous_26)
FN:102,(anonymous_29)
FN:104,(anonymous_30)
FN:168,(anonymous_31)
FN:175,(anonymous_32)
FN:188,(anonymous_35)
FN:200,(anonymous_38)
FN:207,(anonymous_41)
FN:211,(anonymous_42)
FN:213,(anonymous_43)
FN:227,(anonymous_44)
FN:229,(anonymous_45)
FN:247,(anonymous_46)
FN:255,(anonymous_47)
FN:266,(anonymous_48)
FNF:24
FNH:15
FNDA:1,(anonymous_16)
FNDA:1,(anonymous_18)
FNDA:1,Resource
FNDA:1,(anonymous_20)
FNDA:1,(anonymous_21)
FNDA:1,(anonymous_22)
FNDA:1,(anonymous_23)
FNDA:1,(anonymous_24)
FNDA:0,(anonymous_25)
FNDA:0,(anonymous_26)
FNDA:0,(anonymous_29)
FNDA:0,(anonymous_30)
FNDA:1,(anonymous_31)
FNDA:0,(anonymous_32)
FNDA:0,(anonymous_35)
FNDA:0,(anonymous_38)
FNDA:2,(anonymous_41)
FNDA:1,(anonymous_42)
FNDA:4,(anonymous_43)
FNDA:1,(anonymous_44)
FNDA:0,(anonymous_45)
FNDA:1,(anonymous_46)
FNDA:0,(anonymous_47)
FNDA:1,(anonymous_48)
DA:2,1
DA:3,1
DA:14,1
DA:15,1
DA:16,1
DA:17,1
DA:19,1
DA:28,1
DA:31,1
DA:46,1
DA:47,1
DA:54,1
DA:55,1
DA:65,1
DA:66,1
DA:67,1
DA:68,0
DA:69,0
DA:71,0
DA:79,1
DA:80,1
DA:88,1
DA:89,0
DA:90,0
DA:91,0
DA:92,0
DA:94,0
DA:95,0
DA:96,0
DA:102,1
DA:103,0
DA:104,0
DA:105,0
DA:128,1
DA:138,1
DA:139,1
DA:140,0
DA:143,1
DA:144,0
DA:146,1
DA:147,1
DA:148,1
DA:149,1
DA:150,0
DA:154,1
DA:155,1
DA:156,1
DA:157,1
DA:158,1
DA:159,1
DA:160,1
DA:168,1
DA:175,1
DA:176,0
DA:177,0
DA:178,0
DA:179,0
DA:180,0
DA:188,1
DA:189,0
DA:190,0
DA:191,0
DA:192,0
DA:200,1
DA:201,0
DA:202,0
DA:203,0
DA:207,1
DA:208,2
DA:211,1
DA:212,1
DA:213,1
DA:214,4
DA:215,4
DA:216,0
DA:217,4
DA:218,4
DA:219,0
DA:220,0
DA:227,1
DA:228,1
DA:229,1
DA:230,0
DA:231,0
DA:233,0
DA:235,0
DA:236,0
DA:238,0
DA:239,0
DA:241,0
DA:247,1
DA:248,1
DA:249,1
DA:250,1
DA:255,1
DA:256,0
DA:257,0
DA:258,0
DA:259,0
DA:260,0
DA:266,1
DA:269,1
DA:270,1
DA:271,1
DA:273,1
DA:274,1
DA:275,1
DA:276,1
DA:277,1
DA:278,1
DA:279,1
DA:280,1
DA:282,1
LF:113
LH:69
BRDA:139,0,0,0
BRDA:139,0,1,1
BRDA:139,1,0,1
BRDA:139,1,1,0
BRDA:143,2,0,0
BRDA:143,2,1,1
BRDA:147,3,0,1
BRDA:147,3,1,0
BRDA:149,4,0,0
BRDA:149,4,1,1
BRDA:66,5,0,1
BRDA:66,5,1,0
BRDA:68,6,0,0
BRDA:68,6,1,0
BRDA:88,7,0,0
BRDA:88,7,1,0
BRDA:175,8,0,0
BRDA:175,8,1,0
BRDA:188,9,0,0
BRDA:188,9,1,0
BRDA:200,10,0,0
BRDA:200,10,1,0
BRDA:215,11,0,0
BRDA:215,11,1,4
BRDA:215,12,0,4
BRDA:215,12,1,1
BRDA:217,13,0,4
BRDA:217,13,1,0
BRDA:219,14,0,0
BRDA:219,14,1,0
BRDA:232,15,0,0
BRDA:232,15,1,0
BRDA:232,15,2,0
BRDA:248,16,0,1
BRDA:248,16,1,0
BRDA:258,17,0,0
BRDA:258,17,1,0
BRDA:270,18,0,1
BRDA:270,18,1,0
BRF:39
BRH:12
end_of_record
TN:
SF:/Users/Moeys/Code/ngx-api-orm/core/src/resource.decorators.ts
FN:52,Model
FN:53,(anonymous_1)
FN:75,(anonymous_2)
FN:97,Field
FN:98,(anonymous_4)
FN:114,(anonymous_5)
FN:115,(anonymous_6)
FN:131,(anonymous_7)
FN:132,(anonymous_8)
FNF:9
FNH:7
FNDA:2,Model
FNDA:2,(anonymous_1)
FNDA:1,(anonymous_2)
FNDA:6,Field
FNDA:6,(anonymous_4)
FNDA:1,(anonymous_5)
FNDA:1,(anonymous_6)
FNDA:0,(anonymous_7)
FNDA:0,(anonymous_8)
DA:1,1
DA:3,1
DA:4,1
DA:52,4
DA:53,2
DA:54,2
DA:56,2
DA:57,2
DA:59,2
DA:65,2
DA:66,2
DA:68,2
DA:69,2
DA:70,2
DA:73,2
DA:75,2
DA:76,1
DA:77,1
DA:79,1
DA:87,2
DA:97,1
DA:98,6
DA:99,6
DA:100,6
DA:101,6
DA:102,6
DA:103,6
DA:114,1
DA:115,1
DA:116,1
DA:117,1
DA:118,1
DA:119,1
DA:120,1
DA:131,1
DA:132,0
DA:133,0
DA:134,0
DA:135,0
DA:136,0
DA:137,0
LF:41
LH:35
BRDA:52,0,0,2
BRDA:52,0,1,0
BRF:2
BRH:1
end_of_record
TN:
SF:/Users/Moeys/Code/ngx-api-orm/core/src/resource.module.ts
FN:18,(anonymous_2)
FN:19,ResourceRootModule
FN:25,(anonymous_4)
FN:26,(anonymous_6)
FNF:4
FNH:2
FNDA:1,(anonymous_2)
FNDA:0,ResourceRootModule
FNDA:1,(anonymous_4)
FNDA:0,(anonymous_6)
DA:1,1
DA:2,1
DA:3,1
DA:4,1
DA:5,1
DA:6,1
DA:7,1
DA:8,1
DA:10,1
DA:11,1
DA:12,1
DA:13,1
DA:18,1
DA:20,0
DA:22,1
DA:25,1
DA:26,1
DA:27,0
DA:28,0
DA:33,1
DA:36,1
DA:37,1
DA:38,1
DA:39,1
DA:40,1
DA:41,1
DA:42,1
DA:43,1
DA:44,1
DA:45,1
DA:46,1
DA:47,1
DA:48,1
DA:49,1
DA:50,1
DA:51,1
DA:52,1
DA:53,1
DA:55,1
DA:56,1
DA:57,1
LF:41
LH:38
BRDA:26,0,0,0
BRDA:26,0,1,0
BRDA:30,1,0,0
BRDA:30,1,1,0
BRF:4
BRH:0
end_of_record
TN:
SF:/Users/Moeys/Code/ngx-api-orm/core/src/utils.ts
FN:13,getPluralAndSingularNames
FN:52,toDash
FN:56,(anonymous_7)
FN:65,getDependencyInjectionEntries
FN:81,(anonymous_9)
FN:90,initMetaData
FN:106,updateInterceptProxyFactory
FN:109,(anonymous_12)
FN:122,readOnlyArrayProxyFactory
FN:125,(anonymous_14)
FN:146,(anonymous_15)
FN:150,(anonymous_17)
FNF:12
FNH:11
FNDA:2,getPluralAndSingularNames
FNDA:4,toDash
FNDA:2,(anonymous_7)
FNDA:1,getDependencyInjectionEntries
FNDA:1,(anonymous_9)
FNDA:9,initMetaData
FNDA:1,updateInterceptProxyFactory
FNDA:0,(anonymous_12)
FNDA:1,readOnlyArrayProxyFactory
FNDA:2,(anonymous_14)
FNDA:1,(anonymous_15)
FNDA:1,(anonymous_17)
DA:7,1
DA:9,1
DA:10,1
DA:13,1
DA:19,2
DA:20,0
DA:23,2
DA:24,0
DA:26,2
DA:27,0
DA:30,2
DA:31,0
DA:39,2
DA:40,0
DA:41,0
DA:42,2
DA:43,0
DA:44,0
DA:46,2
DA:47,2
DA:49,2
DA:52,1
DA:53,4
DA:54,4
DA:55,4
DA:56,4
DA:57,2
DA:62,1
DA:65,1
DA:66,1
DA:67,0
DA:68,0
DA:69,0
DA:78,1
DA:81,1
DA:82,1
DA:83,1
DA:84,1
DA:85,1
DA:86,1
DA:90,1
DA:91,9
DA:92,2
DA:94,9
DA:95,2
DA:97,9
DA:98,2
DA:100,9
DA:101,2
DA:106,1
DA:107,1
DA:108,1
DA:110,0
DA:111,0
DA:112,0
DA:113,0
DA:115,0
DA:116,0
DA:122,1
DA:123,1
DA:124,1
DA:126,2
DA:127,0
DA:129,2
DA:134,1
DA:146,1
DA:148,1
DA:150,1
DA:155,1
LF:69
LH:51
BRDA:19,0,0,0
BRDA:19,0,1,2
BRDA:19,1,0,2
BRDA:19,1,1,0
BRDA:19,1,2,2
BRDA:19,1,3,2
BRDA:23,2,0,0
BRDA:23,2,1,2
BRDA:23,3,0,2
BRDA:23,3,1,0
BRDA:23,3,2,0
BRDA:26,4,0,0
BRDA:26,4,1,2
BRDA:26,5,0,2
BRDA:26,5,1,0
BRDA:30,6,0,0
BRDA:30,6,1,2
BRDA:30,7,0,2
BRDA:30,7,1,2
BRDA:30,7,2,2
BRDA:39,8,0,0
BRDA:39,8,1,2
BRDA:39,9,0,2
BRDA:39,9,1,0
BRDA:42,10,0,0
BRDA:42,10,1,2
BRDA:66,11,0,0
BRDA:66,11,1,1
BRDA:81,12,0,1
BRDA:81,12,1,1
BRDA:91,13,0,2
BRDA:91,13,1,7
BRDA:94,14,0,2
BRDA:94,14,1,7
BRDA:97,15,0,2
BRDA:97,15,1,7
BRDA:100,16,0,2
BRDA:100,16,1,7
BRDA:110,17,0,0
BRDA:110,17,1,0
BRDA:113,18,0,0
BRDA:113,18,1,0
BRDA:126,19,0,0
BRDA:126,19,1,2
BRF:44
BRH:27
end_of_record
TN:
SF:/Users/Moeys/Code/ngx-api-orm/core/src/relations/relation-configuration.ts
FN:5,(anonymous_0)
FN:13,(anonymous_1)
FN:14,RelationConfiguration
FNF:3
FNH:3
FNDA:1,(anonymous_0)
FNDA:1,(anonymous_1)
FNDA:1,RelationConfiguration
DA:5,1
DA:6,1
DA:7,1
DA:8,1
DA:13,1
DA:15,1
DA:16,1
DA:17,1
DA:18,1
DA:19,1
DA:21,1
LF:11
LH:11
BRDA:5,0,0,1
BRDA:5,0,1,1
BRF:2
BRH:2
end_of_record
TN:
SF:/Users/Moeys/Code/ngx-api-orm/core/src/relations/to-many.ts
FN:8,(anonymous_17)
FN:9,ToManyRelation
FN:32,(anonymous_19)
FN:49,(anonymous_22)
FN:53,(anonymous_25)
FN:62,(anonymous_26)
FNF:6
FNH:1
FNDA:1,(anonymous_17)
FNDA:0,ToManyRelation
FNDA:0,(anonymous_19)
FNDA:0,(anonymous_22)
FNDA:0,(anonymous_25)
FNDA:0,(anonymous_26)
DA:3,1
DA:8,1
DA:10,0
DA:11,0
DA:12,0
DA:13,0
DA:15,0
DA:16,0
DA:17,0
DA:20,0
DA:21,0
DA:32,0
DA:33,0
DA:34,0
DA:36,0
DA:37,0
DA:39,0
DA:40,0
DA:41,0
DA:49,0
DA:50,0
DA:51,0
DA:53,0
DA:54,0
DA:56,0
DA:57,0
DA:58,0
DA:62,0
DA:63,0
DA:64,0
DA:65,0
DA:66,0
DA:71,1
LF:33
LH:3
BRDA:15,0,0,0
BRDA:15,0,1,0
BRDA:32,1,0,0
BRDA:32,1,1,0
BRDA:36,2,0,0
BRDA:36,2,1,0
BRDA:49,3,0,0
BRDA:49,3,1,0
BRDA:53,4,0,0
BRDA:53,4,1,0
BRDA:64,5,0,0
BRDA:64,5,1,0
BRDA:16,6,0,0
BRDA:16,6,1,0
BRDA:17,7,0,0
BRDA:17,7,1,0
BRF:16
BRH:0
end_of_record
TN:
SF:/Users/Moeys/Code/ngx-api-orm/core/src/relations/to-one.ts
FN:7,(anonymous_12)
FN:10,ToOneRelation
FN:31,(anonymous_14)
FN:45,(anonymous_17)
FN:60,(anonymous_20)
FNF:5
FNH:1
FNDA:1,(anonymous_12)
FNDA:0,ToOneRelation
FNDA:0,(anonymous_14)
FNDA:0,(anonymous_17)
FNDA:0,(anonymous_20)
DA:3,1
DA:7,1
DA:11,0
DA:12,0
DA:13,0
DA:14,0
DA:16,0
DA:22,0
DA:31,1
DA:32,0
DA:33,0
DA:35,0
DA:45,1
DA:46,0
DA:47,0
DA:48,0
DA:49,0
DA:50,0
DA:51,0
DA:60,1
DA:61,0
DA:62,0
DA:63,0
DA:64,0
DA:65,0
DA:67,1
LF:26
LH:6
BRDA:16,0,0,0
BRDA:16,0,1,0
BRDA:22,1,0,0
BRDA:22,1,1,0
BRDA:45,2,0,0
BRDA:45,2,1,0
BRDA:60,3,0,0
BRDA:60,3,1,0
BRF:8
BRH:0
end_of_record
TN:
SF:/Users/Moeys/Code/ngx-api-orm/core/src/request-handlers/abstract-adapters.ts
FN:9,(anonymous_0)
FN:10,(anonymous_1)
FN:11,(anonymous_3)
FN:14,(anonymous_4)
FN:17,(anonymous_5)
FN:20,(anonymous_6)
FN:23,(anonymous_7)
FN:28,(anonymous_8)
FN:33,(anonymous_9)
FN:43,(anonymous_10)
FN:44,(anonymous_12)
FN:47,(anonymous_13)
FN:49,(anonymous_14)
FN:50,(anonymous_16)
FN:53,(anonymous_17)
FNF:15
FNH:4
FNDA:1,(anonymous_0)
FNDA:1,(anonymous_1)
FNDA:0,(anonymous_3)
FNDA:0,(anonymous_4)
FNDA:0,(anonymous_5)
FNDA:0,(anonymous_6)
FNDA:0,(anonymous_7)
FNDA:0,(anonymous_8)
FNDA:0,(anonymous_9)
FNDA:1,(anonymous_10)
FNDA:0,(anonymous_12)
FNDA:0,(anonymous_13)
FNDA:1,(anonymous_14)
FNDA:0,(anonymous_16)
FNDA:0,(anonymous_17)
DA:1,1
DA:2,1
DA:9,1
DA:10,1
DA:11,1
DA:12,0
DA:14,1
DA:15,0
DA:17,1
DA:18,0
DA:20,1
DA:21,0
DA:22,0
DA:23,0
DA:24,0
DA:25,0
DA:26,0
DA:27,0
DA:28,0
DA:30,0
DA:33,0
DA:34,0
DA:35,0
DA:36,0
DA:37,0
DA:40,0
DA:42,1
DA:43,1
DA:44,1
DA:45,0
DA:47,1
DA:48,1
DA:49,1
DA:50,1
DA:51,0
DA:53,1
DA:54,1
LF:37
LH:17
BRDA:24,0,0,0
BRDA:24,0,1,0
BRDA:25,1,0,0
BRDA:25,1,1,0
BRDA:26,2,0,0
BRDA:26,2,1,0
BRDA:35,3,0,0
BRDA:35,3,1,0
BRDA:9,4,0,1
BRDA:9,4,1,1
BRF:10
BRH:2
end_of_record
TN:
SF:/Users/Moeys/Code/ngx-api-orm/core/src/request-handlers/abstract-builders.ts
FN:4,(anonymous_5)
FN:5,(anonymous_6)
FN:6,BaseBuilder
FN:8,(anonymous_8)
FN:17,(anonymous_9)
FN:18,SimpleBuilder
FN:21,(anonymous_11)
FN:27,(anonymous_12)
FN:31,(anonymous_13)
FN:35,(anonymous_14)
FN:37,(anonymous_15)
FN:39,(anonymous_16)
FN:41,(anonymous_17)
FN:44,(anonymous_18)
FN:45,ToOneBuilder
FN:48,(anonymous_20)
FN:52,(anonymous_21)
FN:60,(anonymous_22)
FN:62,(anonymous_23)
FN:70,(anonymous_24)
FN:73,(anonymous_25)
FN:74,ToManyBuilder
FN:77,(anonymous_27)
FN:81,(anonymous_28)
FN:89,(anonymous_29)
FN:91,(anonymous_30)
FN:99,(anonymous_31)
FNF:27
FNH:5
FNDA:1,(anonymous_5)
FNDA:1,(anonymous_6)
FNDA:0,BaseBuilder
FNDA:0,(anonymous_8)
FNDA:1,(anonymous_9)
FNDA:0,SimpleBuilder
FNDA:0,(anonymous_11)
FNDA:0,(anonymous_12)
FNDA:0,(anonymous_13)
FNDA:0,(anonymous_14)
FNDA:0,(anonymous_15)
FNDA:0,(anonymous_16)
FNDA:0,(anonymous_17)
FNDA:1,(anonymous_18)
FNDA:0,ToOneBuilder
FNDA:0,(anonymous_20)
FNDA:0,(anonymous_21)
FNDA:0,(anonymous_22)
FNDA:0,(anonymous_23)
FNDA:0,(anonymous_24)
FNDA:1,(anonymous_25)
FNDA:0,ToManyBuilder
FNDA:0,(anonymous_27)
FNDA:0,(anonymous_28)
FNDA:0,(anonymous_29)
FNDA:0,(anonymous_30)
FNDA:0,(anonymous_31)
DA:1,1
DA:4,1
DA:5,1
DA:6,0
DA:8,1
DA:9,0
DA:10,0
DA:11,0
DA:13,0
DA:15,1
DA:17,1
DA:18,0
DA:19,0
DA:21,1
DA:22,0
DA:23,0
DA:24,0
DA:27,1
DA:28,0
DA:29,0
DA:31,1
DA:32,0
DA:33,0
DA:35,1
DA:36,0
DA:37,0
DA:39,1
DA:40,0
DA:41,0
DA:43,1
DA:44,1
DA:45,0
DA:46,0
DA:48,1
DA:49,0
DA:50,0
DA:52,1
DA:59,0
DA:60,0
DA:62,1
DA:69,0
DA:70,0
DA:72,1
DA:73,1
DA:74,0
DA:75,0
DA:77,1
DA:78,0
DA:79,0
DA:81,1
DA:88,0
DA:89,0
DA:91,1
DA:98,0
DA:99,0
DA:101,1
LF:56
LH:22
BRDA:10,0,0,0
BRDA:10,0,1,0
BRDA:19,1,0,0
BRDA:19,1,1,0
BRDA:22,2,0,0
BRDA:22,2,1,0
BRDA:23,3,0,0
BRDA:23,3,1,0
BRDA:28,4,0,0
BRDA:28,4,1,0
BRDA:32,5,0,0
BRDA:32,5,1,0
BRDA:36,6,0,0
BRDA:36,6,1,0
BRDA:40,7,0,0
BRDA:40,7,1,0
BRDA:46,8,0,0
BRDA:46,8,1,0
BRDA:49,9,0,0
BRDA:49,9,1,0
BRDA:59,10,0,0
BRDA:59,10,1,0
BRDA:69,11,0,0
BRDA:69,11,1,0
BRDA:75,12,0,0
BRDA:75,12,1,0
BRDA:78,13,0,0
BRDA:78,13,1,0
BRDA:88,14,0,0
BRDA:88,14,1,0
BRDA:98,15,0,0
BRDA:98,15,1,0
BRDA:4,16,0,1
BRDA:4,16,1,1
BRF:34
BRH:2
end_of_record
TN:
SF:/Users/Moeys/Code/ngx-api-orm/core/src/request-handlers/default-adapters.ts
FN:6,(anonymous_6)
FN:9,(anonymous_8)
FN:12,(anonymous_10)
FNF:3
FNH:3
FNDA:1,(anonymous_6)
FNDA:1,(anonymous_8)
FNDA:1,(anonymous_10)
DA:1,1
DA:2,1
DA:6,1
DA:9,1
DA:12,1
LF:5
LH:5
BRF:0
BRH:0
end_of_record
TN:
SF:/Users/Moeys/Code/ngx-api-orm/core/src/request-handlers/default-builders.ts
FN:9,(anonymous_7)
FN:10,SimpleBuilder
FN:16,(anonymous_9)
FN:17,ToOneBuilder
FN:23,(anonymous_11)
FN:24,ToManyBuilder
FNF:6
FNH:3
FNDA:1,(anonymous_7)
FNDA:0,SimpleBuilder
FNDA:1,(anonymous_9)
FNDA:0,ToOneBuilder
FNDA:1,(anonymous_11)
FNDA:0,ToManyBuilder
DA:1,1
DA:2,1
DA:3,1
DA:5,1
DA:9,1
DA:13,1
DA:16,1
DA:20,1
DA:23,1
DA:27,1
LF:10
LH:10
BRDA:11,0,0,0
BRDA:11,0,1,0
BRDA:18,1,0,0
BRDA:18,1,1,0
BRDA:25,2,0,0
BRDA:25,2,1,0
BRF:6
BRH:0
end_of_record
