TN:
SF:/Users/Moeys/Code/ngx-api-orm/json-api/src/adapters.ts
FN:52,(anonymous_6)
FN:55,(anonymous_7)
FN:56,(anonymous_9)
FN:60,(anonymous_10)
FN:65,(anonymous_11)
FN:69,(anonymous_12)
FN:77,(anonymous_13)
FN:86,(anonymous_14)
FN:91,(anonymous_15)
FN:95,(anonymous_16)
FN:103,(anonymous_17)
FN:108,(anonymous_18)
FN:113,(anonymous_19)
FN:113,(anonymous_20)
FN:123,(anonymous_21)
FN:125,(anonymous_22)
FN:134,(anonymous_23)
FN:135,(anonymous_25)
FN:143,(anonymous_26)
FN:150,(anonymous_27)
FN:151,(anonymous_29)
FN:159,(anonymous_30)
FNF:22
FNH:6
FNDA:1,(anonymous_6)
FNDA:2,(anonymous_7)
FNDA:0,(anonymous_9)
FNDA:1,(anonymous_10)
FNDA:1,(anonymous_11)
FNDA:0,(anonymous_12)
FNDA:0,(anonymous_13)
FNDA:0,(anonymous_14)
FNDA:0,(anonymous_15)
FNDA:0,(anonymous_16)
FNDA:0,(anonymous_17)
FNDA:0,(anonymous_18)
FNDA:0,(anonymous_19)
FNDA:0,(anonymous_20)
FNDA:0,(anonymous_21)
FNDA:0,(anonymous_22)
FNDA:2,(anonymous_23)
FNDA:0,(anonymous_25)
FNDA:0,(anonymous_26)
FNDA:2,(anonymous_27)
FNDA:0,(anonymous_29)
FNDA:0,(anonymous_30)
DA:2,1
DA:3,1
DA:19,1
DA:20,1
DA:52,1
DA:55,2
DA:56,1
DA:57,0
DA:58,0
DA:60,1
DA:61,1
DA:62,0
DA:65,1
DA:66,1
DA:67,0
DA:68,0
DA:69,0
DA:70,0
DA:71,0
DA:72,0
DA:73,0
DA:77,0
DA:78,0
DA:79,0
DA:83,0
DA:86,1
DA:87,0
DA:88,0
DA:90,0
DA:91,0
DA:92,0
DA:95,1
DA:96,0
DA:103,1
DA:104,0
DA:105,0
DA:106,0
DA:107,0
DA:108,0
DA:109,0
DA:111,0
DA:112,0
DA:113,0
DA:116,0
DA:118,0
DA:121,0
DA:123,1
DA:125,0
DA:126,0
DA:127,0
DA:129,0
DA:131,1
DA:134,2
DA:135,1
DA:136,0
DA:143,1
DA:144,0
DA:146,1
DA:150,2
DA:151,1
DA:152,0
DA:159,1
DA:160,0
DA:167,1
LF:64
LH:24
BRDA:68,0,0,0
BRDA:68,0,1,0
BRDA:70,1,0,0
BRDA:70,1,1,0
BRDA:72,2,0,0
BRDA:72,2,1,0
BRDA:72,3,0,0
BRDA:72,3,1,0
BRDA:78,4,0,0
BRDA:78,4,1,0
BRDA:90,5,0,0
BRDA:90,5,1,0
BRDA:97,6,0,0
BRDA:97,6,1,0
BRDA:106,7,0,0
BRDA:106,7,1,0
BRDA:106,8,0,0
BRDA:106,8,1,0
BRDA:111,9,0,0
BRDA:111,9,1,0
BRDA:113,10,0,0
BRDA:113,10,1,0
BRDA:125,11,0,0
BRDA:125,11,1,0
BRDA:126,12,0,0
BRDA:126,12,1,0
BRDA:129,13,0,0
BRDA:129,13,1,0
BRDA:52,14,0,1
BRDA:52,14,1,1
BRF:30
BRH:2
end_of_record
TN:
SF:/Users/Moeys/Code/ngx-api-orm/json-api/src/builders.ts
FN:7,(anonymous_7)
FN:9,(anonymous_8)
FN:10,Simple
FN:13,(anonymous_10)
FN:15,(anonymous_11)
FN:19,(anonymous_12)
FN:20,ToOne
FN:23,(anonymous_14)
FN:25,(anonymous_15)
FN:27,(anonymous_16)
FN:33,(anonymous_17)
FN:34,ToMany
FN:37,(anonymous_19)
FN:41,(anonymous_20)
FN:43,(anonymous_21)
FNF:15
FNH:7
FNDA:1,(anonymous_7)
FNDA:1,(anonymous_8)
FNDA:1,Simple
FNDA:0,(anonymous_10)
FNDA:0,(anonymous_11)
FNDA:1,(anonymous_12)
FNDA:1,ToOne
FNDA:0,(anonymous_14)
FNDA:0,(anonymous_15)
FNDA:0,(anonymous_16)
FNDA:1,(anonymous_17)
FNDA:1,ToMany
FNDA:0,(anonymous_19)
FNDA:0,(anonymous_20)
FNDA:0,(anonymous_21)
DA:1,1
DA:2,1
DA:3,1
DA:4,1
DA:7,1
DA:9,2
DA:13,1
DA:14,0
DA:15,0
DA:17,1
DA:19,2
DA:23,1
DA:24,0
DA:25,0
DA:27,1
DA:28,0
DA:29,0
DA:31,1
DA:33,2
DA:37,1
DA:38,0
DA:39,0
DA:41,1
DA:42,0
DA:43,0
DA:45,1
LF:26
LH:16
BRDA:11,0,0,1
BRDA:11,0,1,0
BRDA:14,1,0,0
BRDA:14,1,1,0
BRDA:10,2,0,1
BRDA:10,2,1,1
BRDA:10,2,2,0
BRDA:10,3,0,1
BRDA:10,3,1,1
BRDA:21,4,0,1
BRDA:21,4,1,0
BRDA:24,5,0,0
BRDA:24,5,1,0
BRDA:28,6,0,0
BRDA:28,6,1,0
BRDA:20,7,0,1
BRDA:20,7,1,1
BRDA:20,7,2,0
BRDA:20,8,0,1
BRDA:20,8,1,1
BRDA:35,9,0,1
BRDA:35,9,1,0
BRDA:38,10,0,0
BRDA:38,10,1,0
BRDA:42,11,0,0
BRDA:42,11,1,0
BRDA:34,12,0,1
BRDA:34,12,1,1
BRDA:34,12,2,0
BRDA:34,13,0,1
BRDA:34,13,1,1
BRDA:7,14,0,1
BRDA:7,14,1,1
BRF:33
BRH:17
end_of_record
TN:
SF:/Users/Moeys/Code/ngx-api-orm/json-api/src/interceptor.ts
FN:16,(anonymous_0)
FN:17,(anonymous_2)
FNF:2
FNH:1
FNDA:1,(anonymous_0)
FNDA:0,(anonymous_2)
DA:1,1
DA:16,1
DA:17,1
DA:18,0
DA:21,0
DA:23,1
DA:25,1
LF:7
LH:5
BRF:0
BRH:0
end_of_record
TN:
SF:/Users/Moeys/Code/ngx-api-orm/json-api/src/providers.ts
FNF:0
FNH:0
DA:16,1
DA:17,1
DA:18,1
DA:19,1
DA:20,1
DA:22,1
LF:6
LH:6
BRF:0
BRH:0
end_of_record
TN:
SF:/Users/Moeys/Code/ngx-api-orm/json-api/tests/json-api-examples.ts
FNF:0
FNH:0
DA:3,1
DA:29,1
DA:76,1
DA:109,1
DA:171,1
DA:249,1
LF:6
LH:6
BRF:0
BRH:0
end_of_record
