TN:
SF:/Users/Moeys/Code/ngx-api-orm/json-api/src/adapters.ts
FN:52,(anonymous_6)
FN:55,(anonymous_7)
FN:56,(anonymous_9)
FN:60,(anonymous_10)
FN:65,(anonymous_11)
FN:69,(anonymous_12)
FN:77,(anonymous_13)
FN:86,(anonymous_14)
FN:91,(anonymous_15)
FN:95,(anonymous_16)
FN:103,(anonymous_17)
FN:108,(anonymous_18)
FN:113,(anonymous_19)
FN:113,(anonymous_20)
FN:123,(anonymous_21)
FN:125,(anonymous_22)
FN:134,(anonymous_23)
FN:135,(anonymous_25)
FN:143,(anonymous_26)
FN:150,(anonymous_27)
FN:151,(anonymous_29)
FN:159,(anonymous_30)
FNF:22
FNH:22
FNDA:1,(anonymous_6)
FNDA:27,(anonymous_7)
FNDA:2,(anonymous_9)
FNDA:3,(anonymous_10)
FNDA:5,(anonymous_11)
FNDA:3,(anonymous_12)
FNDA:6,(anonymous_13)
FNDA:6,(anonymous_14)
FNDA:9,(anonymous_15)
FNDA:5,(anonymous_16)
FNDA:22,(anonymous_17)
FNDA:11,(anonymous_18)
FNDA:11,(anonymous_19)
FNDA:11,(anonymous_20)
FNDA:17,(anonymous_21)
FNDA:47,(anonymous_22)
FNDA:27,(anonymous_23)
FNDA:2,(anonymous_25)
FNDA:2,(anonymous_26)
FNDA:27,(anonymous_27)
FNDA:2,(anonymous_29)
FNDA:2,(anonymous_30)
DA:2,1
DA:3,1
DA:19,1
DA:20,1
DA:52,1
DA:55,2
DA:56,1
DA:57,2
DA:58,2
DA:60,1
DA:61,3
DA:62,3
DA:65,1
DA:66,5
DA:67,5
DA:68,5
DA:69,3
DA:70,3
DA:71,3
DA:72,3
DA:73,3
DA:77,2
DA:78,6
DA:79,4
DA:83,5
DA:86,6
DA:87,6
DA:88,6
DA:90,6
DA:91,9
DA:92,6
DA:95,1
DA:96,5
DA:103,22
DA:104,22
DA:105,22
DA:106,22
DA:107,6
DA:108,6
DA:109,11
DA:111,11
DA:112,11
DA:113,11
DA:116,0
DA:118,11
DA:121,22
DA:123,1
DA:125,47
DA:126,17
DA:127,4
DA:129,13
DA:131,1
DA:134,2
DA:135,1
DA:136,2
DA:143,1
DA:144,2
DA:146,1
DA:150,2
DA:151,1
DA:152,2
DA:159,1
DA:160,2
DA:167,1
LF:64
LH:63
BRDA:68,0,0,3
BRDA:68,0,1,2
BRDA:70,1,0,3
BRDA:70,1,1,0
BRDA:72,2,0,3
BRDA:72,2,1,2
BRDA:72,3,0,3
BRDA:72,3,1,2
BRDA:78,4,0,4
BRDA:78,4,1,2
BRDA:90,5,0,3
BRDA:90,5,1,3
BRDA:97,6,0,3
BRDA:97,6,1,2
BRDA:106,7,0,6
BRDA:106,7,1,16
BRDA:106,8,0,22
BRDA:106,8,1,13
BRDA:111,9,0,11
BRDA:111,9,1,0
BRDA:113,10,0,5
BRDA:113,10,1,6
BRDA:125,11,0,47
BRDA:125,11,1,13
BRDA:126,12,0,4
BRDA:126,12,1,13
BRDA:129,13,0,13
BRDA:129,13,1,0
BRDA:52,14,0,1
BRDA:52,14,1,1
BRF:30
BRH:27
end_of_record
TN:
SF:/Users/Moeys/Code/ngx-api-orm/json-api/src/builders.ts
FN:7,(anonymous_7)
FN:9,(anonymous_8)
FN:10,Simple
FN:13,(anonymous_10)
FN:15,(anonymous_11)
FN:19,(anonymous_12)
FN:20,ToOne
FN:23,(anonymous_14)
FN:25,(anonymous_15)
FN:27,(anonymous_16)
FN:33,(anonymous_17)
FN:34,ToMany
FN:37,(anonymous_19)
FN:41,(anonymous_20)
FN:43,(anonymous_21)
FNF:15
FNH:15
FNDA:1,(anonymous_7)
FNDA:1,(anonymous_8)
FNDA:18,Simple
FNDA:2,(anonymous_10)
FNDA:2,(anonymous_11)
FNDA:1,(anonymous_12)
FNDA:18,ToOne
FNDA:2,(anonymous_14)
FNDA:1,(anonymous_15)
FNDA:4,(anonymous_16)
FNDA:1,(anonymous_17)
FNDA:18,ToMany
FNDA:4,(anonymous_19)
FNDA:2,(anonymous_20)
FNDA:1,(anonymous_21)
DA:1,1
DA:2,1
DA:3,1
DA:4,1
DA:7,1
DA:9,2
DA:13,1
DA:14,2
DA:15,2
DA:17,1
DA:19,2
DA:23,1
DA:24,2
DA:25,2
DA:27,1
DA:28,4
DA:29,4
DA:31,1
DA:33,2
DA:37,1
DA:38,4
DA:39,4
DA:41,1
DA:42,2
DA:43,2
DA:45,1
LF:26
LH:26
BRDA:11,0,0,18
BRDA:11,0,1,0
BRDA:14,1,0,2
BRDA:14,1,1,2
BRDA:10,2,0,1
BRDA:10,2,1,1
BRDA:10,2,2,0
BRDA:10,3,0,1
BRDA:10,3,1,1
BRDA:21,4,0,18
BRDA:21,4,1,0
BRDA:24,5,0,2
BRDA:24,5,1,2
BRDA:28,6,0,4
BRDA:28,6,1,4
BRDA:20,7,0,1
BRDA:20,7,1,1
BRDA:20,7,2,0
BRDA:20,8,0,1
BRDA:20,8,1,1
BRDA:35,9,0,18
BRDA:35,9,1,0
BRDA:38,10,0,4
BRDA:38,10,1,4
BRDA:42,11,0,2
BRDA:42,11,1,2
BRDA:34,12,0,1
BRDA:34,12,1,1
BRDA:34,12,2,0
BRDA:34,13,0,1
BRDA:34,13,1,1
BRDA:7,14,0,1
BRDA:7,14,1,1
BRF:33
BRH:27
end_of_record
TN:
SF:/Users/Moeys/Code/ngx-api-orm/json-api/src/interceptor.ts
FN:16,(anonymous_0)
FN:17,(anonymous_2)
FNF:2
FNH:2
FNDA:15,(anonymous_0)
FNDA:14,(anonymous_2)
DA:1,1
DA:16,1
DA:17,1
DA:18,14
DA:21,14
DA:23,1
DA:25,1
LF:7
LH:7
BRF:0
BRH:0
end_of_record
TN:
SF:/Users/Moeys/Code/ngx-api-orm/json-api/src/providers.ts
FNF:0
FNH:0
DA:16,1
DA:17,1
DA:18,1
DA:19,1
DA:20,1
DA:22,1
LF:6
LH:6
BRF:0
BRH:0
end_of_record
TN:
SF:/Users/Moeys/Code/ngx-api-orm/json-api/tests/json-api-examples.ts
FNF:0
FNH:0
DA:3,1
DA:29,1
DA:76,1
DA:109,1
DA:171,1
DA:249,1
LF:6
LH:6
BRF:0
BRH:0
end_of_record
